%!Adobe-FontList 1.20
%Locale:0x409

%BeginFont
Handler:DirectoryHandler
FontType:Invalid
OutlineFileName:F:\Side projects\theCountDown!\Font\harryp-readme.txt
FileModTime:977419680
%EndFont

%BeginFont
Handler:DirectoryHandler
FontType:TrueType
FontName:HarryP
FamilyName:Harry P
StyleName:Regular
FullName:Harry P
MenuName:Harry P
StyleBits:0
WritingScript:Roman
OutlineFileName:F:\Side projects\theCountDown!\Font\hp.TTF
DataFormat:sfntData
hasSVG:no
VariableFontType:NonVariableFont
FileLength:27432
FileModTime:977419680
WeightClass:400
WidthClass:5
AngleClass:0
NameArray:0,Mac,4,Harry P
NameArray:0,Win,1,Harry P
%EndFont

%BeginFont
Handler:DirectoryHandler
FontType:TrueType
FontName:VindicaRegular
FamilyName:Vindica
StyleName:Regular
FullName:Vindica
MenuName:Vindica
StyleBits:0
WritingScript:Roman
OutlineFileName:F:\Side projects\theCountDown!\Font\vin.ttf
DataFormat:sfntData
hasSVG:no
VariableFontType:NonVariableFont
FileLength:77756
FileModTime:1516581394
WeightClass:400
WidthClass:5
AngleClass:0
NameArray:0,Mac,4,Vindica
NameArray:0,Win,1,Vindica
NameArray:0,Win,16,Vindica
%EndFont

